<?xml version="1.0" encoding="UTF-8"?>
<!-- Generated by org.testng.reporters.JUnitReportReporter -->
<testsuite skipped="0" hostname="SIRI" name="com.Banking.Testcases.TC_AddCustomerTest_03" tests="1" failures="0" timestamp="20 Jun 2020 15:56:37 GMT" time="23.108" errors="0">
  <testcase name="addNewCCustomer" time="23.108" classname="com.Banking.Testcases.TC_AddCustomerTest_03"/>
</testsuite> <!-- com.Banking.Testcases.TC_AddCustomerTest_03 -->
